mode: set
github.com/tarent/loginsrv/caddy/handler.go:17.125,25.2 2 1
github.com/tarent/loginsrv/caddy/handler.go:27.87,28.49 1 0
github.com/tarent/loginsrv/caddy/handler.go:28.49,31.3 2 0
github.com/tarent/loginsrv/caddy/handler.go:31.3,33.3 1 0
github.com/tarent/loginsrv/caddy/setup.go:12.13,18.2 2 1
github.com/tarent/loginsrv/caddy/setup.go:21.39,23.15 1 1
github.com/tarent/loginsrv/caddy/setup.go:55.2,55.12 1 1
github.com/tarent/loginsrv/caddy/setup.go:23.15,26.20 2 1
github.com/tarent/loginsrv/caddy/setup.go:30.3,30.20 1 1
github.com/tarent/loginsrv/caddy/setup.go:34.3,35.17 2 1
github.com/tarent/loginsrv/caddy/setup.go:39.3,39.52 1 1
github.com/tarent/loginsrv/caddy/setup.go:45.3,46.17 2 1
github.com/tarent/loginsrv/caddy/setup.go:50.3,50.90 1 1
github.com/tarent/loginsrv/caddy/setup.go:26.20,28.4 1 1
github.com/tarent/loginsrv/caddy/setup.go:30.20,32.4 1 1
github.com/tarent/loginsrv/caddy/setup.go:35.17,37.4 1 1
github.com/tarent/loginsrv/caddy/setup.go:39.52,41.4 1 1
github.com/tarent/loginsrv/caddy/setup.go:41.4,43.4 1 0
github.com/tarent/loginsrv/caddy/setup.go:46.17,48.4 1 1
github.com/tarent/loginsrv/caddy/setup.go:50.90,52.4 1 1
github.com/tarent/loginsrv/caddy/setup.go:58.61,64.20 5 1
github.com/tarent/loginsrv/caddy/setup.go:93.2,93.17 1 1
github.com/tarent/loginsrv/caddy/setup.go:64.20,67.21 3 1
github.com/tarent/loginsrv/caddy/setup.go:70.3,72.15 2 1
github.com/tarent/loginsrv/caddy/setup.go:67.21,69.4 1 1
github.com/tarent/loginsrv/caddy/setup.go:73.3,74.26 1 1
github.com/tarent/loginsrv/caddy/setup.go:75.3,76.26 1 1
github.com/tarent/loginsrv/caddy/setup.go:77.3,79.18 2 1
github.com/tarent/loginsrv/caddy/setup.go:82.4,82.26 1 1
github.com/tarent/loginsrv/caddy/setup.go:83.3,85.18 2 1
github.com/tarent/loginsrv/caddy/setup.go:88.3,89.98 1 1
github.com/tarent/loginsrv/caddy/setup.go:79.18,81.5 1 1
github.com/tarent/loginsrv/caddy/setup.go:85.18,87.5 1 1
